<?xml version="1.0" encoding="UTF-8" ?>
<testsuite tests="5" failures="0" name="StatisticsTest" time="0.154" errors="1" skipped="0">
  <properties>
    <property name="java.runtime.name" value="Java(TM) SE Runtime Environment"/>
    <property name="sun.boot.library.path" value="/usr/lib/jvm/java-8-oracle/jre/lib/amd64"/>
    <property name="java.vm.version" value="25.77-b03"/>
    <property name="user.country.format" value="FI"/>
    <property name="java.vm.vendor" value="Oracle Corporation"/>
    <property name="java.vendor.url" value="http://java.oracle.com/"/>
    <property name="path.separator" value=":"/>
    <property name="guice.disable.misplaced.annotation.check" value="true"/>
    <property name="java.vm.name" value="Java HotSpot(TM) 64-Bit Server VM"/>
    <property name="file.encoding.pkg" value="sun.io"/>
    <property name="user.country" value="GB"/>
    <property name="sun.java.launcher" value="SUN_STANDARD"/>
    <property name="sun.os.patch.level" value="unknown"/>
    <property name="java.vm.specification.name" value="Java Virtual Machine Specification"/>
    <property name="user.dir" value="/home/ad/fshome3/u3/k/krislaut/Linux/Projects/ohtu2016/viikko2/Ohtu-NhlStatistics1"/>
    <property name="java.runtime.version" value="1.8.0_77-b03"/>
    <property name="java.awt.graphicsenv" value="sun.awt.X11GraphicsEnvironment"/>
    <property name="java.endorsed.dirs" value="/usr/lib/jvm/java-8-oracle/jre/lib/endorsed"/>
    <property name="os.arch" value="amd64"/>
    <property name="java.io.tmpdir" value="/tmp"/>
    <property name="line.separator" value="
"/>
    <property name="java.vm.specification.vendor" value="Oracle Corporation"/>
    <property name="os.name" value="Linux"/>
    <property name="net.sourceforge.cobertura.datafile" value="/home/ad/fshome3/u3/k/krislaut/Linux/Projects/ohtu2016/viikko2/Ohtu-NhlStatistics1/target/cobertura/cobertura.ser"/>
    <property name="classworlds.conf" value="/usr/share/maven/bin/m2.conf"/>
    <property name="sun.jnu.encoding" value="UTF-8"/>
    <property name="java.library.path" value="/usr/java/packages/lib/amd64:/usr/lib64:/lib64:/lib:/usr/lib"/>
    <property name="java.specification.name" value="Java Platform API Specification"/>
    <property name="java.class.version" value="52.0"/>
    <property name="sun.management.compiler" value="HotSpot 64-Bit Tiered Compilers"/>
    <property name="os.version" value="3.13.0-83-generic"/>
    <property name="user.home" value="/home/krislaut"/>
    <property name="user.timezone" value="Europe/Helsinki"/>
    <property name="java.awt.printerjob" value="sun.print.PSPrinterJob"/>
    <property name="java.specification.version" value="1.8"/>
    <property name="file.encoding" value="UTF-8"/>
    <property name="user.name" value="krislaut"/>
    <property name="java.class.path" value="/usr/share/maven/boot/plexus-classworlds-2.x.jar"/>
    <property name="java.vm.specification.version" value="1.8"/>
    <property name="sun.arch.data.model" value="64"/>
    <property name="java.home" value="/usr/lib/jvm/java-8-oracle/jre"/>
    <property name="sun.java.command" value="org.codehaus.plexus.classworlds.launcher.Launcher cobertura:cobertura"/>
    <property name="java.specification.vendor" value="Oracle Corporation"/>
    <property name="user.language" value="en"/>
    <property name="user.language.format" value="fi"/>
    <property name="awt.toolkit" value="sun.awt.X11.XToolkit"/>
    <property name="java.vm.info" value="mixed mode"/>
    <property name="java.version" value="1.8.0_77"/>
    <property name="java.ext.dirs" value="/usr/lib/jvm/java-8-oracle/jre/lib/ext:/usr/java/packages/lib/ext"/>
    <property name="securerandom.source" value="file:/dev/./urandom"/>
    <property name="sun.boot.class.path" value="/usr/lib/jvm/java-8-oracle/jre/lib/resources.jar:/usr/lib/jvm/java-8-oracle/jre/lib/rt.jar:/usr/lib/jvm/java-8-oracle/jre/lib/sunrsasign.jar:/usr/lib/jvm/java-8-oracle/jre/lib/jsse.jar:/usr/lib/jvm/java-8-oracle/jre/lib/jce.jar:/usr/lib/jvm/java-8-oracle/jre/lib/charsets.jar:/usr/lib/jvm/java-8-oracle/jre/lib/jfr.jar:/usr/lib/jvm/java-8-oracle/jre/classes"/>
    <property name="java.vendor" value="Oracle Corporation"/>
    <property name="maven.home" value="/usr/share/maven"/>
    <property name="file.separator" value="/"/>
    <property name="java.vendor.url.bug" value="http://bugreport.sun.com/bugreport/"/>
    <property name="sun.cpu.endian" value="little"/>
    <property name="sun.io.unicode.encoding" value="UnicodeLittle"/>
    <property name="project.build.outputDirectory" value="/home/ad/fshome3/u3/k/krislaut/Linux/Projects/ohtu2016/viikko2/Ohtu-NhlStatistics1/target/generated-classes/cobertura"/>
    <property name="sun.desktop" value="gnome"/>
    <property name="sun.cpu.isalist" value=""/>
  </properties>
  <testcase classname="StatisticsTest" name="playersByTeam" time="0.13"/>
  <testcase classname="StatisticsTest" name="playersAmountByTeam" time="0"/>
  <testcase classname="StatisticsTest" name="playersTopScorer" time="0"/>
  <testcase classname="StatisticsTest" name="playersTopScorers" time="0"/>
  <testcase classname="StatisticsTest" name="search" time="0.001">
    <error type="java.lang.NullPointerException">java.lang.NullPointerException
	at StatisticsTest.search(StatisticsTest.java:82)
	at sun.reflect.NativeMethodAccessorImpl.invoke0(Native Method)
	at sun.reflect.NativeMethodAccessorImpl.invoke(NativeMethodAccessorImpl.java:62)
	at sun.reflect.DelegatingMethodAccessorImpl.invoke(DelegatingMethodAccessorImpl.java:43)
	at java.lang.reflect.Method.invoke(Method.java:498)
	at org.junit.runners.model.FrameworkMethod$1.runReflectiveCall(FrameworkMethod.java:45)
	at org.junit.internal.runners.model.ReflectiveCallable.run(ReflectiveCallable.java:15)
	at org.junit.runners.model.FrameworkMethod.invokeExplosively(FrameworkMethod.java:42)
	at org.junit.internal.runners.statements.InvokeMethod.evaluate(InvokeMethod.java:20)
	at org.junit.internal.runners.statements.RunBefores.evaluate(RunBefores.java:28)
	at org.junit.runners.ParentRunner.runLeaf(ParentRunner.java:263)
	at org.junit.runners.BlockJUnit4ClassRunner.runChild(BlockJUnit4ClassRunner.java:68)
	at org.junit.runners.BlockJUnit4ClassRunner.runChild(BlockJUnit4ClassRunner.java:47)
	at org.junit.runners.ParentRunner$3.run(ParentRunner.java:231)
	at org.junit.runners.ParentRunner$1.schedule(ParentRunner.java:60)
	at org.junit.runners.ParentRunner.runChildren(ParentRunner.java:229)
	at org.junit.runners.ParentRunner.access$000(ParentRunner.java:50)
	at org.junit.runners.ParentRunner$2.evaluate(ParentRunner.java:222)
	at org.junit.runners.ParentRunner.run(ParentRunner.java:300)
	at org.apache.maven.surefire.junit4.JUnit4TestSet.execute(JUnit4TestSet.java:53)
	at org.apache.maven.surefire.junit4.JUnit4Provider.executeTestSet(JUnit4Provider.java:123)
	at org.apache.maven.surefire.junit4.JUnit4Provider.invoke(JUnit4Provider.java:104)
	at sun.reflect.NativeMethodAccessorImpl.invoke0(Native Method)
	at sun.reflect.NativeMethodAccessorImpl.invoke(NativeMethodAccessorImpl.java:62)
	at sun.reflect.DelegatingMethodAccessorImpl.invoke(DelegatingMethodAccessorImpl.java:43)
	at java.lang.reflect.Method.invoke(Method.java:498)
	at org.apache.maven.surefire.util.ReflectionUtils.invokeMethodWithArray(ReflectionUtils.java:164)
	at org.apache.maven.surefire.booter.ProviderFactory$ProviderProxy.invoke(ProviderFactory.java:110)
	at org.apache.maven.surefire.booter.SurefireStarter.invokeProvider(SurefireStarter.java:175)
	at org.apache.maven.surefire.booter.SurefireStarter.runSuitesInProcessWhenForked(SurefireStarter.java:107)
	at org.apache.maven.surefire.booter.ForkedBooter.main(ForkedBooter.java:68)
</error>
  </testcase>
</testsuite>